Using pre-set license
Built from '2021.1/staging' branch; Version is '2021.1.7f1 (d91830b65d9b) revision 14227504'; Using compiler version '192528614'; Build Type 'Release'
OS: 'Windows 10 Pro; OS build 18363.1556; Version 1909; 64bit' Language: 'pt' Physical Memory: 8055 MB
BatchMode: 1, IsHumanControllingUs: 0, StartBugReporterOnCrash: 0, Is64bit: 1, IsPro: 0

 COMMAND LINE ARGUMENTS:
C:\Program Files\Unity\Hub\Editor\2021.1.7f1\Editor\Unity.exe
-adb2
-batchMode
-noUpm
-name
AssetImportWorker0
-projectPath
C:/2d-roguelike/2D-Roguelike
-logFile
Logs/AssetImportWorker0.log
-srvPort
60373
Successfully changed project path to: C:/2d-roguelike/2D-Roguelike
C:/2d-roguelike/2D-Roguelike
Using Asset Import Pipeline V2.
Refreshing native plugins compatible for Editor in 108.75 ms, found 2 plugins.
Preloading 0 native plugins for Editor in 0.00 ms.
Initialize engine version: 2021.1.7f1 (d91830b65d9b)
[Subsystems] Discovering subsystems at path C:/Program Files/Unity/Hub/Editor/2021.1.7f1/Editor/Data/Resources/UnitySubsystems
[Subsystems] Discovering subsystems at path C:/2d-roguelike/2D-Roguelike/Assets
GfxDevice: creating device client; threaded=0; jobified=0
Direct3D:
    Version:  Direct3D 11.0 [level 11.1]
    Renderer: Intel(R) HD Graphics 630 (ID=0x5912)
    Vendor:   Intel
    VRAM:     4027 MB
    Driver:   27.20.100.8854
Initialize mono
Mono path[0] = 'C:/Program Files/Unity/Hub/Editor/2021.1.7f1/Editor/Data/Managed'
Mono path[1] = 'C:/Program Files/Unity/Hub/Editor/2021.1.7f1/Editor/Data/MonoBleedingEdge/lib/mono/unityjit'
Mono config path = 'C:/Program Files/Unity/Hub/Editor/2021.1.7f1/Editor/Data/MonoBleedingEdge/etc'
Using monoOptions --debugger-agent=transport=dt_socket,embedding=1,server=y,suspend=n,address=127.0.0.1:56680
Begin MonoManager ReloadAssembly
Registering precompiled unity dll's ...
Register platform support module: C:/Program Files/Unity/Hub/Editor/2021.1.7f1/Editor/Data/PlaybackEngines/WebGLSupport/UnityEditor.WebGL.Extensions.dll
Register platform support module: C:/Program Files/Unity/Hub/Editor/2021.1.7f1/Editor/Data/PlaybackEngines/WindowsStandaloneSupport/UnityEditor.WindowsStandalone.Extensions.dll
Register platform support module: C:/Program Files/Unity/Hub/Editor/2021.1.7f1/Editor/Data/PlaybackEngines/LinuxStandaloneSupport/UnityEditor.LinuxStandalone.Extensions.dll
Registered in 0.003065 seconds.
Native extension for LinuxStandalone target not found
Native extension for WindowsStandalone target not found
Native extension for WebGL target not found
Refreshing native plugins compatible for Editor in 89.80 ms, found 2 plugins.
Preloading 0 native plugins for Editor in 0.00 ms.
Mono: successfully reloaded assembly
- Completed reload, in  1.512 seconds
Platform modules already initialized, skipping
Registering precompiled user dll's ...
Registered in 0.002920 seconds.
Begin MonoManager ReloadAssembly
Symbol file LoadedFromMemory doesn't match image C:\2d-roguelike\2D-Roguelike\Library\PackageCache\com.unity.visualscripting@1.6.1\Editor\VisualScripting.Core\Dependencies\YamlDotNet\Unity.VisualScripting.YamlDotNet.dll
Symbol file LoadedFromMemory doesn't match image C:\2d-roguelike\2D-Roguelike\Library\PackageCache\com.unity.visualscripting@1.6.1\Editor\VisualScripting.Core\Dependencies\DotNetZip\Unity.VisualScripting.IonicZip.dll
Native extension for LinuxStandalone target not found
Native extension for WindowsStandalone target not found
Native extension for WebGL target not found
Refreshing native plugins compatible for Editor in 93.34 ms, found 2 plugins.
Preloading 0 native plugins for Editor in 0.00 ms.
Mono: successfully reloaded assembly
- Completed reload, in  1.079 seconds
Platform modules already initialized, skipping
========================================================================
Worker process is ready to serve import requests
Launched and connected shader compiler UnityShaderCompiler.exe after 0.07 seconds
Refreshing native plugins compatible for Editor in 0.61 ms, found 2 plugins.
Preloading 0 native plugins for Editor in 0.00 ms.
Unloading 3383 Unused Serialized files (Serialized files now loaded: 0)
System memory in use before: 128.2 MB.
System memory in use after: 128.3 MB.

Unloading 28 unused Assets to reduce memory usage. Loaded Objects now: 3836.
Total: 3.110400 ms (FindLiveObjects: 0.451000 ms CreateObjectMapping: 0.250600 ms MarkObjects: 2.267800 ms  DeleteObjects: 0.139900 ms)

========================================================================
Received Import Request.
  path: Assets/Scenes/SampleScene.unity
  artifactKey: Guid(2cda990e2423bbf4892e6590ba056729) Importer(815301076,1909f56bfc062723c751e8b465ee728b)
Start importing Assets/Scenes/SampleScene.unity using Guid(2cda990e2423bbf4892e6590ba056729) Importer(815301076,1909f56bfc062723c751e8b465ee728b)  -> (artifact id: 'aa27944bdea339c97c39027c7eea529c') in 0.043663 seconds 
========================================================================
Received Import Request.
  Time since last request: 78.804859 seconds.
  path: Assets
  artifactKey: Guid(00000000000000001000000000000000) Importer(815301076,1909f56bfc062723c751e8b465ee728b)
Start importing Assets using Guid(00000000000000001000000000000000) Importer(815301076,1909f56bfc062723c751e8b465ee728b)  -> (artifact id: '42d402b061de3733987d63b9cc3b64de') in 0.011482 seconds 
========================================================================
Received Import Request.
  Time since last request: 8.933022 seconds.
  path: Assets/Prefabs
  artifactKey: Guid(ec094ef3cff0b7c4aa2ca430c3808c12) Importer(815301076,1909f56bfc062723c751e8b465ee728b)
Start importing Assets/Prefabs using Guid(ec094ef3cff0b7c4aa2ca430c3808c12) Importer(815301076,1909f56bfc062723c751e8b465ee728b)  -> (artifact id: '45fb6cf57dc67dcb9590de5c01af53ca') in 0.009939 seconds 
========================================================================
Received Import Request.
  Time since last request: 230.494474 seconds.
  path: Assets/Animations/Player.controller
  artifactKey: Guid(aee39807f15e3f14db2882f543027244) Importer(815301076,1909f56bfc062723c751e8b465ee728b)
Start importing Assets/Animations/Player.controller using Guid(aee39807f15e3f14db2882f543027244) Importer(815301076,1909f56bfc062723c751e8b465ee728b)  -> (artifact id: '00832182e0d8c17df4f736ab73d0f3e4') in 0.071189 seconds 
========================================================================
Received Import Request.
  Time since last request: 3.548995 seconds.
  path: Assets/Animations/PlayerIdle.anim
  artifactKey: Guid(ef2bc63134436ce40a80977d5f3933ad) Importer(815301076,1909f56bfc062723c751e8b465ee728b)
Start importing Assets/Animations/PlayerIdle.anim using Guid(ef2bc63134436ce40a80977d5f3933ad) Importer(815301076,1909f56bfc062723c751e8b465ee728b)  -> (artifact id: '215d906e7a42bd0a004b9d88f898fd7d') in 0.037158 seconds 
========================================================================
Received Import Request.
  Time since last request: 66.689055 seconds.
  path: Assets/Animations
  artifactKey: Guid(a59aa7caca06a51488ae49e0ef8b6455) Importer(815301076,1909f56bfc062723c751e8b465ee728b)
Start importing Assets/Animations using Guid(a59aa7caca06a51488ae49e0ef8b6455) Importer(815301076,1909f56bfc062723c751e8b465ee728b)  -> (artifact id: 'b2669f53c683b64834bddd0c70bb10a9') in 0.032878 seconds 
========================================================================
Received Import Request.
  Time since last request: 7.710965 seconds.
  path: Assets/Animations/Animations
  artifactKey: Guid(9e6c95e3687eaa24b96dd214cc4c7d74) Importer(815301076,1909f56bfc062723c751e8b465ee728b)
Start importing Assets/Animations/Animations using Guid(9e6c95e3687eaa24b96dd214cc4c7d74) Importer(815301076,1909f56bfc062723c751e8b465ee728b)  -> (artifact id: '644a16d7e6d0025bc1527d06be73b50d') in 0.003813 seconds 
========================================================================
Received Import Request.
  Time since last request: 17.491540 seconds.
  path: Assets/Animations/AnimatorControllers
  artifactKey: Guid(06e4643a0c3d2424c90197d21f394faf) Importer(815301076,1909f56bfc062723c751e8b465ee728b)
Start importing Assets/Animations/AnimatorControllers using Guid(06e4643a0c3d2424c90197d21f394faf) Importer(815301076,1909f56bfc062723c751e8b465ee728b)  -> (artifact id: '46b4acb337b2e57d8dc3290fabb9297b') in 0.009835 seconds 
========================================================================
Received Prepare
Registering precompiled user dll's ...
Registered in 0.002736 seconds.
Begin MonoManager ReloadAssembly
Symbol file LoadedFromMemory doesn't match image C:\2d-roguelike\2D-Roguelike\Library\PackageCache\com.unity.visualscripting@1.6.1\Editor\VisualScripting.Core\Dependencies\YamlDotNet\Unity.VisualScripting.YamlDotNet.dll
Symbol file LoadedFromMemory doesn't match image C:\2d-roguelike\2D-Roguelike\Library\PackageCache\com.unity.visualscripting@1.6.1\Editor\VisualScripting.Core\Dependencies\DotNetZip\Unity.VisualScripting.IonicZip.dll
Native extension for LinuxStandalone target not found
Native extension for WindowsStandalone target not found
Native extension for WebGL target not found
Refreshing native plugins compatible for Editor in 0.62 ms, found 2 plugins.
Preloading 0 native plugins for Editor in 0.00 ms.
Mono: successfully reloaded assembly
- Completed reload, in  0.925 seconds
Platform modules already initialized, skipping
Refreshing native plugins compatible for Editor in 0.56 ms, found 2 plugins.
Preloading 0 native plugins for Editor in 0.00 ms.
Unloading 3378 Unused Serialized files (Serialized files now loaded: 0)
System memory in use before: 128.2 MB.
System memory in use after: 128.3 MB.

Unloading 16 unused Assets to reduce memory usage. Loaded Objects now: 3840.
Total: 2.791700 ms (FindLiveObjects: 0.384500 ms CreateObjectMapping: 0.229700 ms MarkObjects: 2.073800 ms  DeleteObjects: 0.102900 ms)

========================================================================
Received Import Request.
  Time since last request: 420.935596 seconds.
  path: Assets/Animations/AnimatorControllers/Player.controller
  artifactKey: Guid(aee39807f15e3f14db2882f543027244) Importer(815301076,1909f56bfc062723c751e8b465ee728b)
Start importing Assets/Animations/AnimatorControllers/Player.controller using Guid(aee39807f15e3f14db2882f543027244) Importer(815301076,1909f56bfc062723c751e8b465ee728b)  -> (artifact id: 'a0abe8fba0af3cb9a2148a73ce0e5a95') in 0.031571 seconds 
========================================================================
Received Prepare
Registering precompiled user dll's ...
Registered in 0.002634 seconds.
Begin MonoManager ReloadAssembly
Symbol file LoadedFromMemory doesn't match image C:\2d-roguelike\2D-Roguelike\Library\PackageCache\com.unity.visualscripting@1.6.1\Editor\VisualScripting.Core\Dependencies\YamlDotNet\Unity.VisualScripting.YamlDotNet.dll
Symbol file LoadedFromMemory doesn't match image C:\2d-roguelike\2D-Roguelike\Library\PackageCache\com.unity.visualscripting@1.6.1\Editor\VisualScripting.Core\Dependencies\DotNetZip\Unity.VisualScripting.IonicZip.dll
Native extension for LinuxStandalone target not found
Native extension for WindowsStandalone target not found
Native extension for WebGL target not found
Refreshing native plugins compatible for Editor in 0.59 ms, found 2 plugins.
Preloading 0 native plugins for Editor in 0.00 ms.
Mono: successfully reloaded assembly
- Completed reload, in  0.943 seconds
Platform modules already initialized, skipping
Refreshing native plugins compatible for Editor in 0.65 ms, found 2 plugins.
Preloading 0 native plugins for Editor in 0.00 ms.
Unloading 3378 Unused Serialized files (Serialized files now loaded: 0)
System memory in use before: 128.2 MB.
System memory in use after: 128.3 MB.

Unloading 16 unused Assets to reduce memory usage. Loaded Objects now: 3844.
Total: 2.645700 ms (FindLiveObjects: 0.244700 ms CreateObjectMapping: 0.180800 ms MarkObjects: 2.083400 ms  DeleteObjects: 0.135800 ms)

========================================================================
Received Import Request.
  Time since last request: 543.368905 seconds.
  path: Assets/Prefabs/Player.prefab
  artifactKey: Guid(557589d3267595f46aabfa5ad1242c96) Importer(815301076,1909f56bfc062723c751e8b465ee728b)
Start importing Assets/Prefabs/Player.prefab using Guid(557589d3267595f46aabfa5ad1242c96) Importer(815301076,1909f56bfc062723c751e8b465ee728b)  -> (artifact id: 'b945dcf94b17e9c7912d47889825d365') in 0.032978 seconds 
========================================================================
Received Prepare
Registering precompiled user dll's ...
Registered in 0.002758 seconds.
Begin MonoManager ReloadAssembly
Symbol file LoadedFromMemory doesn't match image C:\2d-roguelike\2D-Roguelike\Library\PackageCache\com.unity.visualscripting@1.6.1\Editor\VisualScripting.Core\Dependencies\YamlDotNet\Unity.VisualScripting.YamlDotNet.dll
Symbol file LoadedFromMemory doesn't match image C:\2d-roguelike\2D-Roguelike\Library\PackageCache\com.unity.visualscripting@1.6.1\Editor\VisualScripting.Core\Dependencies\DotNetZip\Unity.VisualScripting.IonicZip.dll
Native extension for LinuxStandalone target not found
Native extension for WindowsStandalone target not found
Native extension for WebGL target not found
Refreshing native plugins compatible for Editor in 0.66 ms, found 2 plugins.
Preloading 0 native plugins for Editor in 0.00 ms.
Mono: successfully reloaded assembly
- Completed reload, in  0.899 seconds
Platform modules already initialized, skipping
Refreshing native plugins compatible for Editor in 0.65 ms, found 2 plugins.
Preloading 0 native plugins for Editor in 0.00 ms.
Unloading 3378 Unused Serialized files (Serialized files now loaded: 0)
System memory in use before: 128.3 MB.
System memory in use after: 128.4 MB.

Unloading 16 unused Assets to reduce memory usage. Loaded Objects now: 3848.
Total: 3.112600 ms (FindLiveObjects: 0.259100 ms CreateObjectMapping: 0.173400 ms MarkObjects: 2.567400 ms  DeleteObjects: 0.111600 ms)

========================================================================
Received Import Request.
  Time since last request: 453.695542 seconds.
  path: Assets/Prefabs/Enemy1.prefab
  artifactKey: Guid(1fbcd4f9f866b4647aa1c401d365293a) Importer(815301076,1909f56bfc062723c751e8b465ee728b)
Start importing Assets/Prefabs/Enemy1.prefab using Guid(1fbcd4f9f866b4647aa1c401d365293a) Importer(815301076,1909f56bfc062723c751e8b465ee728b)  -> (artifact id: '4fbe878df61c51cf00af9b41ad79553c') in 0.041478 seconds 
========================================================================
Received Import Request.
  Time since last request: 82.704179 seconds.
  path: Assets/Animations/AnimatorControllers/Enemy1.controller
  artifactKey: Guid(3ea2672415993854fa645cc02bcf2517) Importer(815301076,1909f56bfc062723c751e8b465ee728b)
Start importing Assets/Animations/AnimatorControllers/Enemy1.controller using Guid(3ea2672415993854fa645cc02bcf2517) Importer(815301076,1909f56bfc062723c751e8b465ee728b)  -> (artifact id: '7e5c7b139dde93d66b90bbd70b66331d') in 0.008504 seconds 
========================================================================
Received Import Request.
  Time since last request: 109.111587 seconds.
  path: Assets/Animations/AnimatorControllers/New Animator Override Controller.overrideController
  artifactKey: Guid(bcca20d77f7f9fe49bb008362c8c0b13) Importer(815301076,1909f56bfc062723c751e8b465ee728b)
Start importing Assets/Animations/AnimatorControllers/New Animator Override Controller.overrideController using Guid(bcca20d77f7f9fe49bb008362c8c0b13) Importer(815301076,1909f56bfc062723c751e8b465ee728b)  -> (artifact id: '0a01bdd211ac808b46aee9c701bdb438') in 0.037312 seconds 
========================================================================
Received Import Request.
  Time since last request: 21.657670 seconds.
  path: Assets/Animations/AnimatorControllers/Enemy2.overrideController
  artifactKey: Guid(bcca20d77f7f9fe49bb008362c8c0b13) Importer(815301076,1909f56bfc062723c751e8b465ee728b)
Start importing Assets/Animations/AnimatorControllers/Enemy2.overrideController using Guid(bcca20d77f7f9fe49bb008362c8c0b13) Importer(815301076,1909f56bfc062723c751e8b465ee728b)  -> (artifact id: '08a4b2ec3d20865c01520ec25c79bded') in 0.009643 seconds 
========================================================================
Received Import Request.
  Time since last request: 117.129968 seconds.
  path: Assets/Animations/AnimatorControllers/Enemy2.overrideController
  artifactKey: Guid(bcca20d77f7f9fe49bb008362c8c0b13) Importer(815301076,1909f56bfc062723c751e8b465ee728b)
Start importing Assets/Animations/AnimatorControllers/Enemy2.overrideController using Guid(bcca20d77f7f9fe49bb008362c8c0b13) Importer(815301076,1909f56bfc062723c751e8b465ee728b)  -> (artifact id: '6a18d2aec06230641c89d83b556267ed') in 0.007465 seconds 
========================================================================
Received Prepare
Registering precompiled user dll's ...
Registered in 0.002831 seconds.
Begin MonoManager ReloadAssembly
Symbol file LoadedFromMemory doesn't match image C:\2d-roguelike\2D-Roguelike\Library\PackageCache\com.unity.visualscripting@1.6.1\Editor\VisualScripting.Core\Dependencies\YamlDotNet\Unity.VisualScripting.YamlDotNet.dll
Symbol file LoadedFromMemory doesn't match image C:\2d-roguelike\2D-Roguelike\Library\PackageCache\com.unity.visualscripting@1.6.1\Editor\VisualScripting.Core\Dependencies\DotNetZip\Unity.VisualScripting.IonicZip.dll
Native extension for LinuxStandalone target not found
Native extension for WindowsStandalone target not found
Native extension for WebGL target not found
Refreshing native plugins compatible for Editor in 0.61 ms, found 2 plugins.
Preloading 0 native plugins for Editor in 0.00 ms.
Mono: successfully reloaded assembly
- Completed reload, in  1.013 seconds
Platform modules already initialized, skipping
Refreshing native plugins compatible for Editor in 0.58 ms, found 2 plugins.
Preloading 0 native plugins for Editor in 0.00 ms.
Unloading 3378 Unused Serialized files (Serialized files now loaded: 0)
System memory in use before: 128.3 MB.
System memory in use after: 128.4 MB.

Unloading 16 unused Assets to reduce memory usage. Loaded Objects now: 3852.
Total: 2.767400 ms (FindLiveObjects: 0.236200 ms CreateObjectMapping: 0.117300 ms MarkObjects: 2.271200 ms  DeleteObjects: 0.141500 ms)

========================================================================
Received Import Request.
  Time since last request: 69.208801 seconds.
  path: Assets/Prefabs/Enemy2.prefab
  artifactKey: Guid(ecdff7cf6b530f34c96a55763f70ff6d) Importer(815301076,1909f56bfc062723c751e8b465ee728b)
Start importing Assets/Prefabs/Enemy2.prefab using Guid(ecdff7cf6b530f34c96a55763f70ff6d) Importer(815301076,1909f56bfc062723c751e8b465ee728b)  -> (artifact id: 'df375d0e84a804c814de4279ab860c6a') in 0.031902 seconds 
========================================================================
Received Import Request.
  Time since last request: 469.080094 seconds.
  path: Assets/Prefabs/Floor1.prefab
  artifactKey: Guid(f6f0704a844271e4e878217df9395e25) Importer(815301076,1909f56bfc062723c751e8b465ee728b)
Start importing Assets/Prefabs/Floor1.prefab using Guid(f6f0704a844271e4e878217df9395e25) Importer(815301076,1909f56bfc062723c751e8b465ee728b)  -> (artifact id: '4c62fa8474b8c7ae7fcf703c363a2b50') in 0.126708 seconds 
========================================================================
Received Import Request.
  Time since last request: 79.097559 seconds.
  path: Assets/Prefabs/Floor2.prefab
  artifactKey: Guid(4d29deb8c4e20f946ae21e1ba49564e3) Importer(815301076,1909f56bfc062723c751e8b465ee728b)
Start importing Assets/Prefabs/Floor2.prefab using Guid(4d29deb8c4e20f946ae21e1ba49564e3) Importer(815301076,1909f56bfc062723c751e8b465ee728b)  -> (artifact id: '0e8d58fb06c82ed38727de740d817fd4') in 0.026484 seconds 
========================================================================
Received Import Request.
  Time since last request: 12.741204 seconds.
  path: Assets/Prefabs/Floor2.prefab
  artifactKey: Guid(4d29deb8c4e20f946ae21e1ba49564e3) Importer(815301076,1909f56bfc062723c751e8b465ee728b)
Start importing Assets/Prefabs/Floor2.prefab using Guid(4d29deb8c4e20f946ae21e1ba49564e3) Importer(815301076,1909f56bfc062723c751e8b465ee728b)  -> (artifact id: '6b7e38317c012c0691e3ad6e8605952a') in 0.019386 seconds 
========================================================================
Received Import Request.
  Time since last request: 16.710423 seconds.
  path: Assets/Prefabs/Floor3.prefab
  artifactKey: Guid(daaf091bafd0a8e47896836f03d020ce) Importer(815301076,1909f56bfc062723c751e8b465ee728b)
Start importing Assets/Prefabs/Floor3.prefab using Guid(daaf091bafd0a8e47896836f03d020ce) Importer(815301076,1909f56bfc062723c751e8b465ee728b)  -> (artifact id: '901369f06bc9eef4bbda81f118741698') in 0.022800 seconds 
========================================================================
Received Import Request.
  Time since last request: 23.765798 seconds.
  path: Assets/Prefabs/Floor4.prefab
  artifactKey: Guid(9d11e0b402475714a88f4d4c5fb10c15) Importer(815301076,1909f56bfc062723c751e8b465ee728b)
Start importing Assets/Prefabs/Floor4.prefab using Guid(9d11e0b402475714a88f4d4c5fb10c15) Importer(815301076,1909f56bfc062723c751e8b465ee728b)  -> (artifact id: '5998117f2deb62fd8808d61853eef47d') in 0.019578 seconds 
========================================================================
Received Import Request.
  Time since last request: 22.599919 seconds.
  path: Assets/Prefabs/Floor5.prefab
  artifactKey: Guid(b917e9ea15450f84fb61f4048d5ea00f) Importer(815301076,1909f56bfc062723c751e8b465ee728b)
Start importing Assets/Prefabs/Floor5.prefab using Guid(b917e9ea15450f84fb61f4048d5ea00f) Importer(815301076,1909f56bfc062723c751e8b465ee728b)  -> (artifact id: 'a80b917148831d7e7e0b1b16749a03b6') in 0.016054 seconds 
========================================================================
Received Import Request.
  Time since last request: 22.604193 seconds.
  path: Assets/Prefabs/Floor6.prefab
  artifactKey: Guid(c29b0495926e11c4d84ee22bf38b5715) Importer(815301076,1909f56bfc062723c751e8b465ee728b)
Start importing Assets/Prefabs/Floor6.prefab using Guid(c29b0495926e11c4d84ee22bf38b5715) Importer(815301076,1909f56bfc062723c751e8b465ee728b)  -> (artifact id: '7268814908cd6413bf6521a6188253f3') in 0.019044 seconds 
========================================================================
Received Import Request.
  Time since last request: 24.042606 seconds.
  path: Assets/Prefabs/Floor7.prefab
  artifactKey: Guid(60db0a435f1607143a949db9b1fffae1) Importer(815301076,1909f56bfc062723c751e8b465ee728b)
Start importing Assets/Prefabs/Floor7.prefab using Guid(60db0a435f1607143a949db9b1fffae1) Importer(815301076,1909f56bfc062723c751e8b465ee728b)  -> (artifact id: 'e44eff9a021a082fbd17a6271f7602d8') in 0.015142 seconds 
========================================================================
Received Import Request.
  Time since last request: 27.786862 seconds.
  path: Assets/Prefabs/Floor8.prefab
  artifactKey: Guid(f4a643e10bde41741bba8da7a4474889) Importer(815301076,1909f56bfc062723c751e8b465ee728b)
Start importing Assets/Prefabs/Floor8.prefab using Guid(f4a643e10bde41741bba8da7a4474889) Importer(815301076,1909f56bfc062723c751e8b465ee728b)  -> (artifact id: '2077605a4e0b2a752546b7641cdc7dba') in 0.017299 seconds 
========================================================================
Received Import Request.
  Time since last request: 162.174152 seconds.
  path: Assets/Prefabs/Exit.prefab
  artifactKey: Guid(a9ddc5ca235f2f04ab69a42c96e43268) Importer(815301076,1909f56bfc062723c751e8b465ee728b)
Start importing Assets/Prefabs/Exit.prefab using Guid(a9ddc5ca235f2f04ab69a42c96e43268) Importer(815301076,1909f56bfc062723c751e8b465ee728b)  -> (artifact id: 'a9acdd0b37004b19164200479d8fc4a0') in 0.020499 seconds 
========================================================================
Received Import Request.
  Time since last request: 83.190725 seconds.
  path: Assets/Prefabs/Food.prefab
  artifactKey: Guid(02c79cc8f7eed0b4f8b4def35662830a) Importer(815301076,1909f56bfc062723c751e8b465ee728b)
Start importing Assets/Prefabs/Food.prefab using Guid(02c79cc8f7eed0b4f8b4def35662830a) Importer(815301076,1909f56bfc062723c751e8b465ee728b)  -> (artifact id: '947109f492c4cdba556592168aa1275e') in 0.017998 seconds 
========================================================================
Received Import Request.
  Time since last request: 53.106467 seconds.
  path: Assets/Prefabs/Soda.prefab
  artifactKey: Guid(84841d722fe0dd147838f0d0b6902c0b) Importer(815301076,1909f56bfc062723c751e8b465ee728b)
Start importing Assets/Prefabs/Soda.prefab using Guid(84841d722fe0dd147838f0d0b6902c0b) Importer(815301076,1909f56bfc062723c751e8b465ee728b)  -> (artifact id: 'f21e54ce1da18021b56877c0f23e037a') in 0.023027 seconds 
========================================================================
Received Import Request.
  Time since last request: 241.147717 seconds.
  path: Assets/Prefabs/OuterWall2.prefab
  artifactKey: Guid(ef4b8ca97f7643d4c9f260bb377bd2a2) Importer(815301076,1909f56bfc062723c751e8b465ee728b)
Start importing Assets/Prefabs/OuterWall2.prefab using Guid(ef4b8ca97f7643d4c9f260bb377bd2a2) Importer(815301076,1909f56bfc062723c751e8b465ee728b)  -> (artifact id: '77dd9766bfe1b577ae502f125839a818') in 0.018009 seconds 
========================================================================
Received Import Request.
  Time since last request: 23.716998 seconds.
  path: Assets/Prefabs/OuterWall1.prefab
  artifactKey: Guid(0af89252e5765f648b29b02962215098) Importer(815301076,1909f56bfc062723c751e8b465ee728b)
Start importing Assets/Prefabs/OuterWall1.prefab using Guid(0af89252e5765f648b29b02962215098) Importer(815301076,1909f56bfc062723c751e8b465ee728b)  -> (artifact id: 'd5b9293536c803b71583f4eebdb7feb3') in 0.013815 seconds 
========================================================================
Received Import Request.
  Time since last request: 59.887034 seconds.
  path: Assets/Prefabs/OuterWall3.prefab
  artifactKey: Guid(60a54159be701ca4ea103367260cff41) Importer(815301076,1909f56bfc062723c751e8b465ee728b)
Start importing Assets/Prefabs/OuterWall3.prefab using Guid(60a54159be701ca4ea103367260cff41) Importer(815301076,1909f56bfc062723c751e8b465ee728b)  -> (artifact id: 'b1c84a2f63b456299c4e2c4adef4974a') in 0.015083 seconds 
========================================================================
Received Import Request.
  Time since last request: 61.635415 seconds.
  path: Assets/Prefabs/Wall1.prefab
  artifactKey: Guid(6f67bac18de4ae24ebb963243e409a92) Importer(815301076,1909f56bfc062723c751e8b465ee728b)
Start importing Assets/Prefabs/Wall1.prefab using Guid(6f67bac18de4ae24ebb963243e409a92) Importer(815301076,1909f56bfc062723c751e8b465ee728b)  -> (artifact id: 'fbd5921f7ca08791603ba10a7e61bd08') in 0.028518 seconds 
========================================================================
Received Import Request.
  Time since last request: 635.564138 seconds.
  path: Assets/Prefabs/Wall2.prefab
  artifactKey: Guid(814d2378d8457b7408e712c581286ebf) Importer(815301076,1909f56bfc062723c751e8b465ee728b)
Start importing Assets/Prefabs/Wall2.prefab using Guid(814d2378d8457b7408e712c581286ebf) Importer(815301076,1909f56bfc062723c751e8b465ee728b)  -> (artifact id: 'b51348225692d824ea7b72725f6a2c1d') in 0.048533 seconds 
========================================================================
Received Import Request.
  Time since last request: 23.496836 seconds.
  path: Assets/Prefabs/Wall3.prefab
  artifactKey: Guid(481d5b619ff19474faa7b62ba5719463) Importer(815301076,1909f56bfc062723c751e8b465ee728b)
Start importing Assets/Prefabs/Wall3.prefab using Guid(481d5b619ff19474faa7b62ba5719463) Importer(815301076,1909f56bfc062723c751e8b465ee728b)  -> (artifact id: 'f033dcebd4c1d6b2814e6cd0322e3100') in 0.016782 seconds 
========================================================================
Received Import Request.
  Time since last request: 24.753966 seconds.
  path: Assets/Prefabs/Wall4.prefab
  artifactKey: Guid(80b1f44b201d01c43a796bb0e7e30762) Importer(815301076,1909f56bfc062723c751e8b465ee728b)
Start importing Assets/Prefabs/Wall4.prefab using Guid(80b1f44b201d01c43a796bb0e7e30762) Importer(815301076,1909f56bfc062723c751e8b465ee728b)  -> (artifact id: 'a89da05102d0274365de32fb1c9cf9be') in 0.015788 seconds 
========================================================================
Received Import Request.
  Time since last request: 24.891585 seconds.
  path: Assets/Prefabs/Wall5.prefab
  artifactKey: Guid(b54431113d374fa4d88303b60e4d2c2b) Importer(815301076,1909f56bfc062723c751e8b465ee728b)
Start importing Assets/Prefabs/Wall5.prefab using Guid(b54431113d374fa4d88303b60e4d2c2b) Importer(815301076,1909f56bfc062723c751e8b465ee728b)  -> (artifact id: '30b4b820fd910d20fbbd3b7f0bf2a2c3') in 0.021590 seconds 
========================================================================
Received Import Request.
  Time since last request: 27.175819 seconds.
  path: Assets/Prefabs/Wall6.prefab
  artifactKey: Guid(2312f4e0df506c24f900490641f04a69) Importer(815301076,1909f56bfc062723c751e8b465ee728b)
Start importing Assets/Prefabs/Wall6.prefab using Guid(2312f4e0df506c24f900490641f04a69) Importer(815301076,1909f56bfc062723c751e8b465ee728b)  -> (artifact id: '2b01283095fa00d4f4790354db56c921') in 0.017456 seconds 
========================================================================
Received Import Request.
  Time since last request: 24.305084 seconds.
  path: Assets/Prefabs/Wall7.prefab
  artifactKey: Guid(1a09eb11c959fc0448613eef474c959c) Importer(815301076,1909f56bfc062723c751e8b465ee728b)
Start importing Assets/Prefabs/Wall7.prefab using Guid(1a09eb11c959fc0448613eef474c959c) Importer(815301076,1909f56bfc062723c751e8b465ee728b)  -> (artifact id: '4610ac43e39d1181b2aa0b1d0910bb8b') in 0.028038 seconds 
========================================================================
Received Import Request.
  Time since last request: 26.853690 seconds.
  path: Assets/Prefabs/Wall8.prefab
  artifactKey: Guid(c6b76ef46f91cba45a5fdb22cf90f550) Importer(815301076,1909f56bfc062723c751e8b465ee728b)
Start importing Assets/Prefabs/Wall8.prefab using Guid(c6b76ef46f91cba45a5fdb22cf90f550) Importer(815301076,1909f56bfc062723c751e8b465ee728b)  -> (artifact id: 'db81b4d3173605297ac1a56df15caad8') in 0.021635 seconds 
AssetImportWorkerClient::OnTransportError - code=2 error=End of file
