Using pre-set license
Built from '2021.1/staging' branch; Version is '2021.1.7f1 (d91830b65d9b) revision 14227504'; Using compiler version '192528614'; Build Type 'Release'
OS: 'Windows 10 Pro; OS build 18363.1556; Version 1909; 64bit' Language: 'pt' Physical Memory: 8055 MB
BatchMode: 1, IsHumanControllingUs: 0, StartBugReporterOnCrash: 0, Is64bit: 1, IsPro: 0

 COMMAND LINE ARGUMENTS:
C:\Program Files\Unity\Hub\Editor\2021.1.7f1\Editor\Unity.exe
-adb2
-batchMode
-noUpm
-name
AssetImportWorker2
-projectPath
C:/Users/Senac/Documents/salmo/documents/repos/2d-roguelike/2D-Roguelike
-logFile
Logs/AssetImportWorker2.log
-srvPort
52090
Successfully changed project path to: C:/Users/Senac/Documents/salmo/documents/repos/2d-roguelike/2D-Roguelike
C:/Users/Senac/Documents/salmo/documents/repos/2d-roguelike/2D-Roguelike
Using Asset Import Pipeline V2.
Refreshing native plugins compatible for Editor in 90.33 ms, found 2 plugins.
Preloading 0 native plugins for Editor in 0.00 ms.
Initialize engine version: 2021.1.7f1 (d91830b65d9b)
[Subsystems] Discovering subsystems at path C:/Program Files/Unity/Hub/Editor/2021.1.7f1/Editor/Data/Resources/UnitySubsystems
[Subsystems] Discovering subsystems at path C:/Users/Senac/Documents/salmo/documents/repos/2d-roguelike/2D-Roguelike/Assets
GfxDevice: creating device client; threaded=0; jobified=0
Direct3D:
    Version:  Direct3D 11.0 [level 11.1]
    Renderer: Intel(R) HD Graphics 630 (ID=0x5912)
    Vendor:   Intel
    VRAM:     4027 MB
    Driver:   27.20.100.8854
Initialize mono
Mono path[0] = 'C:/Program Files/Unity/Hub/Editor/2021.1.7f1/Editor/Data/Managed'
Mono path[1] = 'C:/Program Files/Unity/Hub/Editor/2021.1.7f1/Editor/Data/MonoBleedingEdge/lib/mono/unityjit'
Mono config path = 'C:/Program Files/Unity/Hub/Editor/2021.1.7f1/Editor/Data/MonoBleedingEdge/etc'
Using monoOptions --debugger-agent=transport=dt_socket,embedding=1,server=y,suspend=n,address=127.0.0.1:56356
Begin MonoManager ReloadAssembly
Registering precompiled unity dll's ...
Register platform support module: C:/Program Files/Unity/Hub/Editor/2021.1.7f1/Editor/Data/PlaybackEngines/WebGLSupport/UnityEditor.WebGL.Extensions.dll
Register platform support module: C:/Program Files/Unity/Hub/Editor/2021.1.7f1/Editor/Data/PlaybackEngines/WindowsStandaloneSupport/UnityEditor.WindowsStandalone.Extensions.dll
Register platform support module: C:/Program Files/Unity/Hub/Editor/2021.1.7f1/Editor/Data/PlaybackEngines/LinuxStandaloneSupport/UnityEditor.LinuxStandalone.Extensions.dll
Registered in 0.002385 seconds.
Native extension for LinuxStandalone target not found
Native extension for WindowsStandalone target not found
Native extension for WebGL target not found
Refreshing native plugins compatible for Editor in 91.88 ms, found 2 plugins.
Preloading 0 native plugins for Editor in 0.00 ms.
Mono: successfully reloaded assembly
- Completed reload, in  1.424 seconds
Platform modules already initialized, skipping
Registering precompiled user dll's ...
Registered in 0.003027 seconds.
Begin MonoManager ReloadAssembly
Symbol file LoadedFromMemory doesn't match image C:\Users\Senac\Documents\salmo\documents\repos\2d-roguelike\2D-Roguelike\Library\PackageCache\com.unity.visualscripting@1.6.1\Editor\VisualScripting.Core\Dependencies\YamlDotNet\Unity.VisualScripting.YamlDotNet.dll
Symbol file LoadedFromMemory doesn't match image C:\Users\Senac\Documents\salmo\documents\repos\2d-roguelike\2D-Roguelike\Library\PackageCache\com.unity.visualscripting@1.6.1\Editor\VisualScripting.Core\Dependencies\DotNetZip\Unity.VisualScripting.IonicZip.dll
Native extension for LinuxStandalone target not found
Native extension for WindowsStandalone target not found
Native extension for WebGL target not found
Refreshing native plugins compatible for Editor in 99.70 ms, found 2 plugins.
Preloading 0 native plugins for Editor in 0.00 ms.
Mono: successfully reloaded assembly
- Completed reload, in  1.178 seconds
Platform modules already initialized, skipping
========================================================================
Worker process is ready to serve import requests
Launched and connected shader compiler UnityShaderCompiler.exe after 0.23 seconds
Refreshing native plugins compatible for Editor in 0.63 ms, found 2 plugins.
Preloading 0 native plugins for Editor in 0.00 ms.
Unloading 3383 Unused Serialized files (Serialized files now loaded: 0)
System memory in use before: 128.2 MB.
System memory in use after: 128.3 MB.

Unloading 28 unused Assets to reduce memory usage. Loaded Objects now: 3836.
Total: 2.588700 ms (FindLiveObjects: 0.314800 ms CreateObjectMapping: 0.195400 ms MarkObjects: 1.932300 ms  DeleteObjects: 0.145600 ms)

========================================================================
Received Import Request.
  path: Assets/Sprites/Scavengers_SpriteSheet.png
  artifactKey: Guid(fbe1e7b94bb1a4a099d5bcb15a00141c) Importer(815301076,1909f56bfc062723c751e8b465ee728b)
Start importing Assets/Sprites/Scavengers_SpriteSheet.png using Guid(fbe1e7b94bb1a4a099d5bcb15a00141c) Importer(815301076,1909f56bfc062723c751e8b465ee728b)  -> (artifact id: '21403b4f9585d6132288a0d13f3da8d2') in 0.672277 seconds 
========================================================================
Received Import Request.
  Time since last request: 0.000642 seconds.
  path: Assets/2D Roguelike Upgrade Guide.pdf
  artifactKey: Guid(b51259f0e9210b443918e15bf42bc64e) Importer(815301076,1909f56bfc062723c751e8b465ee728b)
Start importing Assets/2D Roguelike Upgrade Guide.pdf using Guid(b51259f0e9210b443918e15bf42bc64e) Importer(815301076,1909f56bfc062723c751e8b465ee728b)  -> (artifact id: 'd67da7d4afaeb7c82dd2fbf80862abe9') in 0.011699 seconds 
========================================================================
Received Import Request.
  Time since last request: 0.000260 seconds.
  path: Assets/TutorialInfo/Sprites
  artifactKey: Guid(62c78ccd75c204d37aabb46c2d1c3952) Importer(815301076,1909f56bfc062723c751e8b465ee728b)
Start importing Assets/TutorialInfo/Sprites using Guid(62c78ccd75c204d37aabb46c2d1c3952) Importer(815301076,1909f56bfc062723c751e8b465ee728b)  -> (artifact id: '2e56d41215953a31439d4b7878439d16') in 0.005711 seconds 
========================================================================
Received Import Request.
  Time since last request: 0.000286 seconds.
  path: Assets/TutorialInfo/Sprites/unity-logo.png
  artifactKey: Guid(fa8fa8572a0ff4c66af7beb04f2ff3f0) Importer(815301076,1909f56bfc062723c751e8b465ee728b)
Start importing Assets/TutorialInfo/Sprites/unity-logo.png using Guid(fa8fa8572a0ff4c66af7beb04f2ff3f0) Importer(815301076,1909f56bfc062723c751e8b465ee728b)  -> (artifact id: '4d5d5cd2ca530367e58e924c361378bd') in 0.014663 seconds 
========================================================================
Received Import Request.
  Time since last request: 0.000263 seconds.
  path: Assets/TutorialInfo/Tutorial Info.prefab
  artifactKey: Guid(c74f553b118f94bfcbe70a5cdcc48114) Importer(815301076,1909f56bfc062723c751e8b465ee728b)
Start importing Assets/TutorialInfo/Tutorial Info.prefab using Guid(c74f553b118f94bfcbe70a5cdcc48114) Importer(815301076,1909f56bfc062723c751e8b465ee728b)  -> (artifact id: '63cd38545963d354a589c5f906c68c12') in 0.061286 seconds 
========================================================================
Received Import Request.
  Time since last request: 0.000228 seconds.
  path: Assets/Readme.asset
  artifactKey: Guid(83c2ed844a8c74b779a4c823d16594b1) Importer(815301076,1909f56bfc062723c751e8b465ee728b)
Start importing Assets/Readme.asset using Guid(83c2ed844a8c74b779a4c823d16594b1) Importer(815301076,1909f56bfc062723c751e8b465ee728b)  -> (artifact id: '6ceac4e3fb56139af210c952e395209b') in 0.062101 seconds 
AssetImportWorkerClient::OnTransportError - code=2 error=End of file
